<?xml version="1.0" encoding="UTF-8"?>
<testng-results ignored="0" total="6" passed="6" failed="0" skipped="0">
  <reporter-output>
  </reporter-output>
  <suite started-at="2025-01-14T16:20:01 IST" name="OpenCartTestNG Regression Suite" finished-at="2025-01-14T16:20:51 IST" duration-ms="50534">
    <groups>
    </groups>
    <test started-at="2025-01-14T16:20:01 IST" name="RegisterPageTest" finished-at="2025-01-14T16:20:51 IST" duration-ms="50534">
      <class name="com.qa.opencart.tests.RegisterPageTest">
        <test-method is-config="true" signature="setUp(java.lang.String)[pri:0, instance:com.qa.opencart.tests.RegisterPageTest@411f53a0]" started-at="2025-01-14T16:20:01 IST" name="setUp" finished-at="2025-01-14T16:20:10 IST" duration-ms="9490" status="PASS">
          <params>
            <param index="0">
              <value>
                <![CDATA[chrome]]>
              </value>
            </param>
          </params>
          <reporter-output>
          </reporter-output>
        </test-method> <!-- setUp -->
        <test-method is-config="true" signature="RegisterSetUp()[pri:0, instance:com.qa.opencart.tests.RegisterPageTest@411f53a0]" started-at="2025-01-14T16:20:11 IST" name="RegisterSetUp" finished-at="2025-01-14T16:20:12 IST" duration-ms="1316" status="PASS">
          <reporter-output>
          </reporter-output>
        </test-method> <!-- RegisterSetUp -->
        <test-method signature="userRegisterationTest(java.lang.String,java.lang.String,java.lang.String,java.lang.String,java.lang.String)[pri:0, instance:com.qa.opencart.tests.RegisterPageTest@411f53a0]" started-at="2025-01-14T16:20:12 IST" name="userRegisterationTest" data-provider="userregData" finished-at="2025-01-14T16:20:18 IST" duration-ms="6156" status="PASS">
          <params>
            <param index="0">
              <value>
                <![CDATA[Vikas]]>
              </value>
            </param>
            <param index="1">
              <value>
                <![CDATA[paku]]>
              </value>
            </param>
            <param index="2">
              <value>
                <![CDATA[987654321]]>
              </value>
            </param>
            <param index="3">
              <value>
                <![CDATA[vikas@123]]>
              </value>
            </param>
            <param index="4">
              <value>
                <![CDATA[no]]>
              </value>
            </param>
          </params>
          <reporter-output>
          </reporter-output>
        </test-method> <!-- userRegisterationTest -->
        <test-method signature="userRegisterationTest(java.lang.String,java.lang.String,java.lang.String,java.lang.String,java.lang.String)[pri:0, instance:com.qa.opencart.tests.RegisterPageTest@411f53a0]" started-at="2025-01-14T16:20:18 IST" name="userRegisterationTest" data-provider="userregData" finished-at="2025-01-14T16:20:24 IST" duration-ms="6220" status="PASS">
          <params>
            <param index="0">
              <value>
                <![CDATA[mama]]>
              </value>
            </param>
            <param index="1">
              <value>
                <![CDATA[pimpu]]>
              </value>
            </param>
            <param index="2">
              <value>
                <![CDATA[987444321]]>
              </value>
            </param>
            <param index="3">
              <value>
                <![CDATA[mama@123]]>
              </value>
            </param>
            <param index="4">
              <value>
                <![CDATA[no]]>
              </value>
            </param>
          </params>
          <reporter-output>
          </reporter-output>
        </test-method> <!-- userRegisterationTest -->
        <test-method signature="userRegisterationTest(java.lang.String,java.lang.String,java.lang.String,java.lang.String,java.lang.String)[pri:0, instance:com.qa.opencart.tests.RegisterPageTest@411f53a0]" started-at="2025-01-14T16:20:24 IST" name="userRegisterationTest" data-provider="userregData" finished-at="2025-01-14T16:20:31 IST" duration-ms="6630" status="PASS">
          <params>
            <param index="0">
              <value>
                <![CDATA[sushi]]>
              </value>
            </param>
            <param index="1">
              <value>
                <![CDATA[amma]]>
              </value>
            </param>
            <param index="2">
              <value>
                <![CDATA[983354321]]>
              </value>
            </param>
            <param index="3">
              <value>
                <![CDATA[vsushi@123]]>
              </value>
            </param>
            <param index="4">
              <value>
                <![CDATA[no]]>
              </value>
            </param>
          </params>
          <reporter-output>
          </reporter-output>
        </test-method> <!-- userRegisterationTest -->
        <test-method signature="userRegisterationTestSheet(java.lang.String,java.lang.String,java.lang.String,java.lang.String,java.lang.String)[pri:0, instance:com.qa.opencart.tests.RegisterPageTest@411f53a0]" started-at="2025-01-14T16:20:32 IST" name="userRegisterationTestSheet" data-provider="userRegDatafromSheet" finished-at="2025-01-14T16:20:38 IST" duration-ms="5428" status="PASS">
          <params>
            <param index="0">
              <value>
                <![CDATA[Vikas]]>
              </value>
            </param>
            <param index="1">
              <value>
                <![CDATA[paku]]>
              </value>
            </param>
            <param index="2">
              <value>
                <![CDATA[987654321]]>
              </value>
            </param>
            <param index="3">
              <value>
                <![CDATA[vikas@123]]>
              </value>
            </param>
            <param index="4">
              <value>
                <![CDATA[no]]>
              </value>
            </param>
          </params>
          <reporter-output>
          </reporter-output>
        </test-method> <!-- userRegisterationTestSheet -->
        <test-method signature="userRegisterationTestSheet(java.lang.String,java.lang.String,java.lang.String,java.lang.String,java.lang.String)[pri:0, instance:com.qa.opencart.tests.RegisterPageTest@411f53a0]" started-at="2025-01-14T16:20:38 IST" name="userRegisterationTestSheet" data-provider="userRegDatafromSheet" finished-at="2025-01-14T16:20:44 IST" duration-ms="6253" status="PASS">
          <params>
            <param index="0">
              <value>
                <![CDATA[mama]]>
              </value>
            </param>
            <param index="1">
              <value>
                <![CDATA[pimpu]]>
              </value>
            </param>
            <param index="2">
              <value>
                <![CDATA[987444321]]>
              </value>
            </param>
            <param index="3">
              <value>
                <![CDATA[mama@123]]>
              </value>
            </param>
            <param index="4">
              <value>
                <![CDATA[no]]>
              </value>
            </param>
          </params>
          <reporter-output>
          </reporter-output>
        </test-method> <!-- userRegisterationTestSheet -->
        <test-method signature="userRegisterationTestSheet(java.lang.String,java.lang.String,java.lang.String,java.lang.String,java.lang.String)[pri:0, instance:com.qa.opencart.tests.RegisterPageTest@411f53a0]" started-at="2025-01-14T16:20:44 IST" name="userRegisterationTestSheet" data-provider="userRegDatafromSheet" finished-at="2025-01-14T16:20:50 IST" duration-ms="6266" status="PASS">
          <params>
            <param index="0">
              <value>
                <![CDATA[sushi]]>
              </value>
            </param>
            <param index="1">
              <value>
                <![CDATA[amma]]>
              </value>
            </param>
            <param index="2">
              <value>
                <![CDATA[983354321]]>
              </value>
            </param>
            <param index="3">
              <value>
                <![CDATA[vsushi@123]]>
              </value>
            </param>
            <param index="4">
              <value>
                <![CDATA[no]]>
              </value>
            </param>
          </params>
          <reporter-output>
          </reporter-output>
        </test-method> <!-- userRegisterationTestSheet -->
        <test-method is-config="true" signature="tearDown()[pri:0, instance:com.qa.opencart.tests.RegisterPageTest@411f53a0]" started-at="2025-01-14T16:20:50 IST" name="tearDown" finished-at="2025-01-14T16:20:51 IST" duration-ms="983" status="PASS">
          <reporter-output>
          </reporter-output>
        </test-method> <!-- tearDown -->
      </class> <!-- com.qa.opencart.tests.RegisterPageTest -->
    </test> <!-- RegisterPageTest -->
  </suite> <!-- OpenCartTestNG Regression Suite -->
</testng-results>
