<?xml version="1.0" encoding="UTF-8"?>
<!-- Generated by org.testng.reporters.JUnitXMLReporter -->
<testsuite ignored="0" hostname="DESKTOP-0J99GUD" failures="0" tests="7" name="ProductInfoPageTest" time="0.589" errors="0" timestamp="2024-12-24T17:34:27 IST">
  <testcase classname="com.qa.opencart.tests.ProductInfoPageTest" name="productHeaderTest" time="0.001">
    <skipped/>
  </testcase> <!-- productHeaderTest -->
  <testcase classname="com.qa.opencart.tests.ProductInfoPageTest" name="productHeaderTest" time="0.0">
    <skipped/>
  </testcase> <!-- productHeaderTest -->
  <testcase classname="com.qa.opencart.tests.ProductInfoPageTest" name="productHeaderTest" time="0.001">
    <skipped/>
  </testcase> <!-- productHeaderTest -->
  <testcase classname="com.qa.opencart.tests.ProductInfoPageTest" name="productImagesCountTest" time="0.001">
    <skipped/>
  </testcase> <!-- productImagesCountTest -->
  <testcase classname="com.qa.opencart.tests.ProductInfoPageTest" name="productImagesCountTest" time="0.002">
    <skipped/>
  </testcase> <!-- productImagesCountTest -->
  <testcase classname="com.qa.opencart.tests.ProductInfoPageTest" name="productImagesCountTest" time="0.0">
    <skipped/>
  </testcase> <!-- productImagesCountTest -->
  <testcase classname="com.qa.opencart.tests.ProductInfoPageTest" name="productInfoTest" time="0.0">
    <skipped/>
  </testcase> <!-- productInfoTest -->
</testsuite> <!-- ProductInfoPageTest -->
