<?xml version="1.0" encoding="UTF-8"?>
<!-- Generated by org.testng.reporters.JUnitXMLReporter -->
<testsuite ignored="0" hostname="DESKTOP-0J99GUD" failures="0" tests="6" name="RegisterPageTest" time="50.534" errors="0" timestamp="2025-01-14T16:20:51 IST">
  <testcase classname="com.qa.opencart.tests.RegisterPageTest" name="userRegisterationTest" time="6.156"/>
  <testcase classname="com.qa.opencart.tests.RegisterPageTest" name="userRegisterationTest" time="6.22"/>
  <testcase classname="com.qa.opencart.tests.RegisterPageTest" name="userRegisterationTest" time="6.63"/>
  <testcase classname="com.qa.opencart.tests.RegisterPageTest" name="userRegisterationTestSheet" time="5.428"/>
  <testcase classname="com.qa.opencart.tests.RegisterPageTest" name="userRegisterationTestSheet" time="6.253"/>
  <testcase classname="com.qa.opencart.tests.RegisterPageTest" name="userRegisterationTestSheet" time="6.266"/>
</testsuite> <!-- RegisterPageTest -->
